[ 2017-08-17T18:23:43+08:00 ] 127.0.0.1 /index.php?s=/Home/Index/index.html
SQL: SHOW COLUMNS FROM `onethink_category` [ RunTime:0.031032s ]
SQL: SELECT `id`,`name`,`title`,`pid`,`sort`,`list_row`,`meta_title`,`keywords`,`description`,`template_index`,`template_lists`,`template_detail`,`template_edit`,`model`,`type`,`link_id`,`allow_publish`,`display`,`reply`,`check`,`reply_model`,`extend`,`create_time`,`update_time`,`status`,`icon` FROM `onethink_category` WHERE ( `status` = 1 ) ORDER BY sort  [ RunTime:0.001576s ]
SQL: SHOW COLUMNS FROM `onethink_document` [ RunTime:0.022340s ]
SQL: SELECT `id`,`uid`,`name`,`title`,`category_id`,`description`,`root`,`pid`,`model_id`,`type`,`position`,`link_id`,`cover_id`,`display`,`deadline`,`attach`,`view`,`comment`,`extend`,`level`,`create_time`,`update_time`,`status` FROM `onethink_document` WHERE ( `status` = 1 ) AND ( `pid` = 0 ) AND ( `create_time` < 1502965421 ) AND ( deadline = 0 OR deadline > 1502965421 ) ORDER BY `id` DESC  [ RunTime:0.030701s ]
INFO: [ view_parse ] --START--
INFO: [ template_filter ] --START--
INFO: Run Behavior\ContentReplace [ RunTime:0.000194s ]
INFO: [ template_filter ] --END-- [ RunTime:0.000881s ]
INFO: Run Behavior\ParseTemplate [ RunTime:0.116602s ]
INFO: [ view_parse ] --END-- [ RunTime:0.116798s ]
INFO: [ view_filter ] --START--
INFO: Run Behavior\WriteHtmlCache [ RunTime:0.000881s ]
INFO: [ view_filter ] --END-- [ RunTime:0.001014s ]
INFO: [ app_end ] --START--
INFO: Run Behavior\ShowPageTrace [ RunTime:0.001530s ]
INFO: [ app_end ] --END-- [ RunTime:0.001670s ]

[ 2017-08-17T18:23:48+08:00 ] 127.0.0.1 /index.php?s=/Home/Notice/index.html
SQL: SHOW COLUMNS FROM `onethink_document` [ RunTime:0.004748s ]
SQL: SELECT d.id,d.title,d.description,d.view,da.path FROM onethink_document d INNER JOIN onethink_picture da  ON d.id = da.id
   [ RunTime:0.037799s ]
INFO: [ view_parse ] --START--
INFO: [ template_filter ] --START--
INFO: Run Behavior\ContentReplace [ RunTime:0.000056s ]
INFO: [ template_filter ] --END-- [ RunTime:0.000118s ]
NOTIC: [8] Undefined variable: channel D:\phpStudy\WWW\onethink\Runtime\Cache\Home\b6712068d68b0f23e361fceccafe8f1a.php 第 54 行.
NOTIC: [8] Undefined index: create_time D:\phpStudy\WWW\onethink\Runtime\Cache\Home\b6712068d68b0f23e361fceccafe8f1a.php 第 61 行.
NOTIC: [8] Undefined variable: channel D:\phpStudy\WWW\onethink\Runtime\Cache\Home\b6712068d68b0f23e361fceccafe8f1a.php 第 54 行.
NOTIC: [8] Undefined index: create_time D:\phpStudy\WWW\onethink\Runtime\Cache\Home\b6712068d68b0f23e361fceccafe8f1a.php 第 61 行.
NOTIC: [8] Undefined variable: channel D:\phpStudy\WWW\onethink\Runtime\Cache\Home\b6712068d68b0f23e361fceccafe8f1a.php 第 54 行.
NOTIC: [8] Undefined index: create_time D:\phpStudy\WWW\onethink\Runtime\Cache\Home\b6712068d68b0f23e361fceccafe8f1a.php 第 61 行.
INFO: Run Behavior\ParseTemplate [ RunTime:0.015090s ]
INFO: [ view_parse ] --END-- [ RunTime:0.015167s ]
INFO: [ view_filter ] --START--
INFO: Run Behavior\WriteHtmlCache [ RunTime:0.000314s ]
INFO: [ view_filter ] --END-- [ RunTime:0.000381s ]
INFO: [ app_end ] --START--
INFO: Run Behavior\ShowPageTrace [ RunTime:0.000673s ]
INFO: [ app_end ] --END-- [ RunTime:0.000748s ]

[ 2017-08-17T18:23:51+08:00 ] 127.0.0.1 /index.php?s=/Home/Repair/add.html
INFO: [ view_parse ] --START--
INFO: [ template_filter ] --START--
INFO: Run Behavior\ContentReplace [ RunTime:0.000086s ]
INFO: [ template_filter ] --END-- [ RunTime:0.000182s ]
INFO: Run Behavior\ParseTemplate [ RunTime:0.019590s ]
INFO: [ view_parse ] --END-- [ RunTime:0.020707s ]
INFO: [ view_filter ] --START--
INFO: Run Behavior\WriteHtmlCache [ RunTime:0.000337s ]
INFO: [ view_filter ] --END-- [ RunTime:0.000407s ]
INFO: [ app_end ] --START--
INFO: Run Behavior\ShowPageTrace [ RunTime:0.000707s ]
INFO: [ app_end ] --END-- [ RunTime:0.000779s ]

[ 2017-08-17T18:38:15+08:00 ] 127.0.0.1 /index.php?s=/Home/Notice/index.html
SQL: SHOW COLUMNS FROM `onethink_document` [ RunTime:0.004432s ]
SQL: SELECT d.id,d.title,d.description,d.view,da.path FROM onethink_document d INNER JOIN onethink_picture da  ON d.id = da.id
   [ RunTime:0.000820s ]
INFO: [ view_parse ] --START--
INFO: [ template_filter ] --START--
INFO: Run Behavior\ContentReplace [ RunTime:0.000056s ]
INFO: [ template_filter ] --END-- [ RunTime:0.000118s ]
NOTIC: [8] Undefined variable: channel D:\phpStudy\WWW\onethink\Runtime\Cache\Home\b6712068d68b0f23e361fceccafe8f1a.php 第 54 行.
NOTIC: [8] Undefined index: create_time D:\phpStudy\WWW\onethink\Runtime\Cache\Home\b6712068d68b0f23e361fceccafe8f1a.php 第 61 行.
NOTIC: [8] Undefined variable: channel D:\phpStudy\WWW\onethink\Runtime\Cache\Home\b6712068d68b0f23e361fceccafe8f1a.php 第 54 行.
NOTIC: [8] Undefined index: create_time D:\phpStudy\WWW\onethink\Runtime\Cache\Home\b6712068d68b0f23e361fceccafe8f1a.php 第 61 行.
NOTIC: [8] Undefined variable: channel D:\phpStudy\WWW\onethink\Runtime\Cache\Home\b6712068d68b0f23e361fceccafe8f1a.php 第 54 行.
NOTIC: [8] Undefined index: create_time D:\phpStudy\WWW\onethink\Runtime\Cache\Home\b6712068d68b0f23e361fceccafe8f1a.php 第 61 行.
INFO: Run Behavior\ParseTemplate [ RunTime:0.023967s ]
INFO: [ view_parse ] --END-- [ RunTime:0.024023s ]
INFO: [ view_filter ] --START--
INFO: Run Behavior\WriteHtmlCache [ RunTime:0.000318s ]
INFO: [ view_filter ] --END-- [ RunTime:0.000365s ]
INFO: [ app_end ] --START--
INFO: Run Behavior\ShowPageTrace [ RunTime:0.000505s ]
INFO: [ app_end ] --END-- [ RunTime:0.000576s ]

[ 2017-08-17T18:38:20+08:00 ] 127.0.0.1 /index.php?s=/Home/Notice/detail/id/2.html
SQL: SHOW COLUMNS FROM `onethink_document` [ RunTime:0.004630s ]
SQL: SELECT d.id,d.title,da.content,d.create_time FROM onethink_document d INNER JOIN onethink_document_article da  ON d.id = da.id
  WHERE ( d.id = '2' )  [ RunTime:0.033897s ]
INFO: [ view_parse ] --START--
INFO: [ template_filter ] --START--
INFO: Run Behavior\ContentReplace [ RunTime:0.000053s ]
INFO: [ template_filter ] --END-- [ RunTime:0.000111s ]
INFO: Run Behavior\ParseTemplate [ RunTime:0.014676s ]
INFO: [ view_parse ] --END-- [ RunTime:0.014750s ]
INFO: [ view_filter ] --START--
INFO: Run Behavior\WriteHtmlCache [ RunTime:0.000205s ]
INFO: [ view_filter ] --END-- [ RunTime:0.000250s ]
INFO: [ app_end ] --START--
INFO: Run Behavior\ShowPageTrace [ RunTime:0.000430s ]
INFO: [ app_end ] --END-- [ RunTime:0.000478s ]

[ 2017-08-17T18:38:25+08:00 ] 127.0.0.1 /index.php?s=/Home/Notice/detail/id/3.html
SQL: SHOW COLUMNS FROM `onethink_document` [ RunTime:0.004590s ]
SQL: SELECT d.id,d.title,da.content,d.create_time FROM onethink_document d INNER JOIN onethink_document_article da  ON d.id = da.id
  WHERE ( d.id = '3' )  [ RunTime:0.000364s ]
INFO: [ view_parse ] --START--
INFO: [ template_filter ] --START--
INFO: Run Behavior\ContentReplace [ RunTime:0.000054s ]
INFO: [ template_filter ] --END-- [ RunTime:0.000108s ]
INFO: Run Behavior\ParseTemplate [ RunTime:0.008039s ]
INFO: [ view_parse ] --END-- [ RunTime:0.008103s ]
INFO: [ view_filter ] --START--
INFO: Run Behavior\WriteHtmlCache [ RunTime:0.000265s ]
INFO: [ view_filter ] --END-- [ RunTime:0.000326s ]
INFO: [ app_end ] --START--
INFO: Run Behavior\ShowPageTrace [ RunTime:0.000434s ]
INFO: [ app_end ] --END-- [ RunTime:0.000483s ]

[ 2017-08-17T18:38:30+08:00 ] 127.0.0.1 /index.php?s=/Home/Notice/detail/id/1.html
SQL: SHOW COLUMNS FROM `onethink_document` [ RunTime:0.004452s ]
SQL: SELECT d.id,d.title,da.content,d.create_time FROM onethink_document d INNER JOIN onethink_document_article da  ON d.id = da.id
  WHERE ( d.id = '1' )  [ RunTime:0.000404s ]
INFO: [ view_parse ] --START--
INFO: [ template_filter ] --START--
INFO: Run Behavior\ContentReplace [ RunTime:0.000053s ]
INFO: [ template_filter ] --END-- [ RunTime:0.000112s ]
INFO: Run Behavior\ParseTemplate [ RunTime:0.008713s ]
INFO: [ view_parse ] --END-- [ RunTime:0.008809s ]
INFO: [ view_filter ] --START--
INFO: Run Behavior\WriteHtmlCache [ RunTime:0.000207s ]
INFO: [ view_filter ] --END-- [ RunTime:0.000251s ]
INFO: [ app_end ] --START--
INFO: Run Behavior\ShowPageTrace [ RunTime:0.000494s ]
INFO: [ app_end ] --END-- [ RunTime:0.000547s ]

[ 2017-08-17T18:38:38+08:00 ] 127.0.0.1 /index.php?s=/Home/Notice/detail/id/2.html
SQL: SHOW COLUMNS FROM `onethink_document` [ RunTime:0.005801s ]
SQL: SELECT d.id,d.title,da.content,d.create_time FROM onethink_document d INNER JOIN onethink_document_article da  ON d.id = da.id
  WHERE ( d.id = '2' )  [ RunTime:0.000499s ]
INFO: [ view_parse ] --START--
INFO: [ template_filter ] --START--
INFO: Run Behavior\ContentReplace [ RunTime:0.000053s ]
INFO: [ template_filter ] --END-- [ RunTime:0.000112s ]
INFO: Run Behavior\ParseTemplate [ RunTime:0.008353s ]
INFO: [ view_parse ] --END-- [ RunTime:0.008425s ]
INFO: [ view_filter ] --START--
INFO: Run Behavior\WriteHtmlCache [ RunTime:0.000209s ]
INFO: [ view_filter ] --END-- [ RunTime:0.000255s ]
INFO: [ app_end ] --START--
INFO: Run Behavior\ShowPageTrace [ RunTime:0.000439s ]
INFO: [ app_end ] --END-- [ RunTime:0.000486s ]

[ 2017-08-17T18:38:40+08:00 ] 127.0.0.1 /index.php?s=/Home/Notice/detail/id/3.html
SQL: SHOW COLUMNS FROM `onethink_document` [ RunTime:0.004195s ]
SQL: SELECT d.id,d.title,da.content,d.create_time FROM onethink_document d INNER JOIN onethink_document_article da  ON d.id = da.id
  WHERE ( d.id = '3' )  [ RunTime:0.000316s ]
INFO: [ view_parse ] --START--
INFO: [ template_filter ] --START--
INFO: Run Behavior\ContentReplace [ RunTime:0.000058s ]
INFO: [ template_filter ] --END-- [ RunTime:0.000125s ]
INFO: Run Behavior\ParseTemplate [ RunTime:0.009026s ]
INFO: [ view_parse ] --END-- [ RunTime:0.009090s ]
INFO: [ view_filter ] --START--
INFO: Run Behavior\WriteHtmlCache [ RunTime:0.000216s ]
INFO: [ view_filter ] --END-- [ RunTime:0.000282s ]
INFO: [ app_end ] --START--
INFO: Run Behavior\ShowPageTrace [ RunTime:0.000443s ]
INFO: [ app_end ] --END-- [ RunTime:0.000489s ]

[ 2017-08-17T18:45:13+08:00 ] 127.0.0.1 /index.php?s=/Home/Notice/index.html
SQL: SHOW COLUMNS FROM `onethink_document` [ RunTime:0.004113s ]
SQL: SELECT d.id,d.title,d.description,d.view,da.path FROM onethink_document d INNER JOIN onethink_picture da  ON d.id = da.id
   [ RunTime:0.000435s ]
INFO: [ view_parse ] --START--
INFO: [ template_filter ] --START--
INFO: Run Behavior\ContentReplace [ RunTime:0.000059s ]
INFO: [ template_filter ] --END-- [ RunTime:0.000123s ]
NOTIC: [8] Undefined variable: channel D:\phpStudy\WWW\onethink\Runtime\Cache\Home\b6712068d68b0f23e361fceccafe8f1a.php 第 54 行.
NOTIC: [8] Undefined index: create_time D:\phpStudy\WWW\onethink\Runtime\Cache\Home\b6712068d68b0f23e361fceccafe8f1a.php 第 61 行.
NOTIC: [8] Undefined variable: channel D:\phpStudy\WWW\onethink\Runtime\Cache\Home\b6712068d68b0f23e361fceccafe8f1a.php 第 54 行.
NOTIC: [8] Undefined index: create_time D:\phpStudy\WWW\onethink\Runtime\Cache\Home\b6712068d68b0f23e361fceccafe8f1a.php 第 61 行.
NOTIC: [8] Undefined variable: channel D:\phpStudy\WWW\onethink\Runtime\Cache\Home\b6712068d68b0f23e361fceccafe8f1a.php 第 54 行.
NOTIC: [8] Undefined index: create_time D:\phpStudy\WWW\onethink\Runtime\Cache\Home\b6712068d68b0f23e361fceccafe8f1a.php 第 61 行.
INFO: Run Behavior\ParseTemplate [ RunTime:0.023354s ]
INFO: [ view_parse ] --END-- [ RunTime:0.023408s ]
INFO: [ view_filter ] --START--
INFO: Run Behavior\WriteHtmlCache [ RunTime:0.000302s ]
INFO: [ view_filter ] --END-- [ RunTime:0.000350s ]
INFO: [ app_end ] --START--
INFO: Run Behavior\ShowPageTrace [ RunTime:0.000499s ]
INFO: [ app_end ] --END-- [ RunTime:0.000545s ]

[ 2017-08-17T18:45:15+08:00 ] 127.0.0.1 /index.php?s=/Home/Notice/detail/id/1.html
SQL: SHOW COLUMNS FROM `onethink_document` [ RunTime:0.003996s ]
SQL: SELECT d.id,d.title,da.content,d.create_time FROM onethink_document d INNER JOIN onethink_document_article da  ON d.id = da.id
  WHERE ( d.id = '1' )  [ RunTime:0.000373s ]
INFO: [ view_parse ] --START--
INFO: [ template_filter ] --START--
INFO: Run Behavior\ContentReplace [ RunTime:0.000054s ]
INFO: [ template_filter ] --END-- [ RunTime:0.000110s ]
INFO: Run Behavior\ParseTemplate [ RunTime:0.008350s ]
INFO: [ view_parse ] --END-- [ RunTime:0.008410s ]
INFO: [ view_filter ] --START--
INFO: Run Behavior\WriteHtmlCache [ RunTime:0.000214s ]
INFO: [ view_filter ] --END-- [ RunTime:0.000257s ]
INFO: [ app_end ] --START--
INFO: Run Behavior\ShowPageTrace [ RunTime:0.000522s ]
INFO: [ app_end ] --END-- [ RunTime:0.000588s ]

[ 2017-08-17T18:45:17+08:00 ] 127.0.0.1 /index.php?s=/Home/Notice/detail/id/2.html
SQL: SHOW COLUMNS FROM `onethink_document` [ RunTime:0.004164s ]
SQL: SELECT d.id,d.title,da.content,d.create_time FROM onethink_document d INNER JOIN onethink_document_article da  ON d.id = da.id
  WHERE ( d.id = '2' )  [ RunTime:0.000324s ]
INFO: [ view_parse ] --START--
INFO: [ template_filter ] --START--
INFO: Run Behavior\ContentReplace [ RunTime:0.000054s ]
INFO: [ template_filter ] --END-- [ RunTime:0.000121s ]
INFO: Run Behavior\ParseTemplate [ RunTime:0.008310s ]
INFO: [ view_parse ] --END-- [ RunTime:0.008373s ]
INFO: [ view_filter ] --START--
INFO: Run Behavior\WriteHtmlCache [ RunTime:0.000207s ]
INFO: [ view_filter ] --END-- [ RunTime:0.000251s ]
INFO: [ app_end ] --START--
INFO: Run Behavior\ShowPageTrace [ RunTime:0.000439s ]
INFO: [ app_end ] --END-- [ RunTime:0.000575s ]

[ 2017-08-17T18:45:19+08:00 ] 127.0.0.1 /index.php?s=/Home/Notice/detail/id/3.html
SQL: SHOW COLUMNS FROM `onethink_document` [ RunTime:0.004626s ]
SQL: SELECT d.id,d.title,da.content,d.create_time FROM onethink_document d INNER JOIN onethink_document_article da  ON d.id = da.id
  WHERE ( d.id = '3' )  [ RunTime:0.000376s ]
INFO: [ view_parse ] --START--
INFO: [ template_filter ] --START--
INFO: Run Behavior\ContentReplace [ RunTime:0.000079s ]
INFO: [ template_filter ] --END-- [ RunTime:0.000165s ]
INFO: Run Behavior\ParseTemplate [ RunTime:0.008953s ]
INFO: [ view_parse ] --END-- [ RunTime:0.009027s ]
INFO: [ view_filter ] --START--
INFO: Run Behavior\WriteHtmlCache [ RunTime:0.000339s ]
INFO: [ view_filter ] --END-- [ RunTime:0.000404s ]
INFO: [ app_end ] --START--
INFO: Run Behavior\ShowPageTrace [ RunTime:0.000707s ]
INFO: [ app_end ] --END-- [ RunTime:0.000782s ]

[ 2017-08-17T18:45:24+08:00 ] 127.0.0.1 /index.php?s=/Home/Repair/add.html
INFO: [ view_parse ] --START--
INFO: [ template_filter ] --START--
INFO: Run Behavior\ContentReplace [ RunTime:0.000056s ]
INFO: [ template_filter ] --END-- [ RunTime:0.000117s ]
INFO: Run Behavior\ParseTemplate [ RunTime:0.008596s ]
INFO: [ view_parse ] --END-- [ RunTime:0.008994s ]
INFO: [ view_filter ] --START--
INFO: Run Behavior\WriteHtmlCache [ RunTime:0.000206s ]
INFO: [ view_filter ] --END-- [ RunTime:0.000249s ]
INFO: [ app_end ] --START--
INFO: Run Behavior\ShowPageTrace [ RunTime:0.000481s ]
INFO: [ app_end ] --END-- [ RunTime:0.000527s ]

