[ 2017-08-14T17:44:36+08:00 ] 127.0.0.1 /index.php?s=/Admin/login/login.html
ERR: 无法加载控制器:Login

[ 2017-08-14T17:44:53+08:00 ] 127.0.0.1 /index.php?s=/Home/Index/index.html
SQL: SHOW COLUMNS FROM `onethink_category` [ RunTime:0.021764s ]
SQL: SELECT `id`,`name`,`title`,`pid`,`sort`,`list_row`,`meta_title`,`keywords`,`description`,`template_index`,`template_lists`,`template_detail`,`template_edit`,`model`,`type`,`link_id`,`allow_publish`,`display`,`reply`,`check`,`reply_model`,`extend`,`create_time`,`update_time`,`status`,`icon` FROM `onethink_category` WHERE ( `status` = 1 ) ORDER BY sort  [ RunTime:0.001583s ]
SQL: SHOW COLUMNS FROM `onethink_document` [ RunTime:0.016839s ]
SQL: SELECT `id`,`uid`,`name`,`title`,`category_id`,`description`,`root`,`pid`,`model_id`,`type`,`position`,`link_id`,`cover_id`,`display`,`deadline`,`attach`,`view`,`comment`,`extend`,`level`,`create_time`,`update_time`,`status` FROM `onethink_document` WHERE ( `status` = 1 ) AND ( `pid` = 0 ) AND ( `create_time` < 1502703892 ) AND ( deadline = 0 OR deadline > 1502703892 ) ORDER BY `id` DESC  [ RunTime:0.035865s ]
INFO: [ view_parse ] --START--
INFO: [ template_filter ] --START--
INFO: Run Behavior\ContentReplace [ RunTime:0.000099s ]
INFO: [ template_filter ] --END-- [ RunTime:0.000192s ]
INFO: Run Behavior\ParseTemplate [ RunTime:0.140773s ]
INFO: [ view_parse ] --END-- [ RunTime:0.140931s ]
INFO: [ view_filter ] --START--
INFO: Run Behavior\WriteHtmlCache [ RunTime:0.000704s ]
INFO: [ view_filter ] --END-- [ RunTime:0.000813s ]
INFO: [ app_end ] --START--
INFO: Run Behavior\ShowPageTrace [ RunTime:0.010156s ]
INFO: [ app_end ] --END-- [ RunTime:0.010258s ]

[ 2017-08-14T17:45:00+08:00 ] 127.0.0.1 /index.php?s=/Home/Notice/index.html
SQL: SHOW COLUMNS FROM `onethink_document` [ RunTime:0.004735s ]
SQL: SELECT d.id,d.title,d.description,d.view,da.path FROM onethink_document d INNER JOIN onethink_picture da  ON d.id = da.id
   [ RunTime:0.022711s ]
INFO: [ view_parse ] --START--
INFO: [ template_filter ] --START--
INFO: Run Behavior\ContentReplace [ RunTime:0.000076s ]
INFO: [ template_filter ] --END-- [ RunTime:0.000160s ]
NOTIC: [8] Undefined variable: channel D:\phpStudy\WWW\onethink\Runtime\Cache\Home\b6712068d68b0f23e361fceccafe8f1a.php 第 54 行.
NOTIC: [8] Undefined index: create_time D:\phpStudy\WWW\onethink\Runtime\Cache\Home\b6712068d68b0f23e361fceccafe8f1a.php 第 61 行.
NOTIC: [8] Undefined variable: channel D:\phpStudy\WWW\onethink\Runtime\Cache\Home\b6712068d68b0f23e361fceccafe8f1a.php 第 54 行.
NOTIC: [8] Undefined index: create_time D:\phpStudy\WWW\onethink\Runtime\Cache\Home\b6712068d68b0f23e361fceccafe8f1a.php 第 61 行.
NOTIC: [8] Undefined variable: channel D:\phpStudy\WWW\onethink\Runtime\Cache\Home\b6712068d68b0f23e361fceccafe8f1a.php 第 54 行.
NOTIC: [8] Undefined index: create_time D:\phpStudy\WWW\onethink\Runtime\Cache\Home\b6712068d68b0f23e361fceccafe8f1a.php 第 61 行.
INFO: Run Behavior\ParseTemplate [ RunTime:0.018628s ]
INFO: [ view_parse ] --END-- [ RunTime:0.018687s ]
INFO: [ view_filter ] --START--
INFO: Run Behavior\WriteHtmlCache [ RunTime:0.000214s ]
INFO: [ view_filter ] --END-- [ RunTime:0.000258s ]
INFO: [ app_end ] --START--
INFO: Run Behavior\ShowPageTrace [ RunTime:0.000561s ]
INFO: [ app_end ] --END-- [ RunTime:0.000610s ]

[ 2017-08-14T17:45:03+08:00 ] 127.0.0.1 /index.php?s=/Home/Repair/add.html
INFO: [ view_parse ] --START--
INFO: [ template_filter ] --START--
INFO: Run Behavior\ContentReplace [ RunTime:0.000055s ]
INFO: [ template_filter ] --END-- [ RunTime:0.000117s ]
INFO: Run Behavior\ParseTemplate [ RunTime:0.015962s ]
INFO: [ view_parse ] --END-- [ RunTime:0.016371s ]
INFO: [ view_filter ] --START--
INFO: Run Behavior\WriteHtmlCache [ RunTime:0.000214s ]
INFO: [ view_filter ] --END-- [ RunTime:0.000259s ]
INFO: [ app_end ] --START--
INFO: Run Behavior\ShowPageTrace [ RunTime:0.000576s ]
INFO: [ app_end ] --END-- [ RunTime:0.000625s ]

