[ 2017-08-15T16:11:28+08:00 ] 127.0.0.1 /
SQL: SHOW COLUMNS FROM `onethink_category` [ RunTime:0.052251s ]
SQL: SELECT `id`,`name`,`title`,`pid`,`sort`,`list_row`,`meta_title`,`keywords`,`description`,`template_index`,`template_lists`,`template_detail`,`template_edit`,`model`,`type`,`link_id`,`allow_publish`,`display`,`reply`,`check`,`reply_model`,`extend`,`create_time`,`update_time`,`status`,`icon` FROM `onethink_category` WHERE ( `status` = 1 ) ORDER BY sort  [ RunTime:0.000503s ]
SQL: SHOW COLUMNS FROM `onethink_document` [ RunTime:0.005602s ]
SQL: SELECT `id`,`uid`,`name`,`title`,`category_id`,`description`,`root`,`pid`,`model_id`,`type`,`position`,`link_id`,`cover_id`,`display`,`deadline`,`attach`,`view`,`comment`,`extend`,`level`,`create_time`,`update_time`,`status` FROM `onethink_document` WHERE ( `status` = 1 ) AND ( `pid` = 0 ) AND ( `create_time` < 1502784685 ) AND ( deadline = 0 OR deadline > 1502784685 ) ORDER BY `id` DESC  [ RunTime:0.066397s ]
INFO: [ view_parse ] --START--
INFO: [ template_filter ] --START--
INFO: Run Behavior\ContentReplace [ RunTime:0.000096s ]
INFO: [ template_filter ] --END-- [ RunTime:0.000201s ]
INFO: Run Behavior\ParseTemplate [ RunTime:0.239083s ]
INFO: [ view_parse ] --END-- [ RunTime:0.239369s ]
INFO: [ view_filter ] --START--
INFO: Run Behavior\WriteHtmlCache [ RunTime:0.001579s ]
INFO: [ view_filter ] --END-- [ RunTime:0.001770s ]
INFO: [ app_end ] --START--
INFO: Run Behavior\ShowPageTrace [ RunTime:0.001965s ]
INFO: [ app_end ] --END-- [ RunTime:0.002158s ]

[ 2017-08-15T16:11:39+08:00 ] 127.0.0.1 /index.php?s=/Home/Index/index.html
SQL: SHOW COLUMNS FROM `onethink_category` [ RunTime:0.004414s ]
SQL: SELECT `id`,`name`,`title`,`pid`,`sort`,`list_row`,`meta_title`,`keywords`,`description`,`template_index`,`template_lists`,`template_detail`,`template_edit`,`model`,`type`,`link_id`,`allow_publish`,`display`,`reply`,`check`,`reply_model`,`extend`,`create_time`,`update_time`,`status`,`icon` FROM `onethink_category` WHERE ( `status` = 1 ) ORDER BY sort  [ RunTime:0.000433s ]
SQL: SHOW COLUMNS FROM `onethink_document` [ RunTime:0.004007s ]
SQL: SELECT `id`,`uid`,`name`,`title`,`category_id`,`description`,`root`,`pid`,`model_id`,`type`,`position`,`link_id`,`cover_id`,`display`,`deadline`,`attach`,`view`,`comment`,`extend`,`level`,`create_time`,`update_time`,`status` FROM `onethink_document` WHERE ( `status` = 1 ) AND ( `pid` = 0 ) AND ( `create_time` < 1502784699 ) AND ( deadline = 0 OR deadline > 1502784699 ) ORDER BY `id` DESC  [ RunTime:0.000479s ]
INFO: [ view_parse ] --START--
INFO: [ template_filter ] --START--
INFO: Run Behavior\ContentReplace [ RunTime:0.000059s ]
INFO: [ template_filter ] --END-- [ RunTime:0.000118s ]
INFO: Run Behavior\ParseTemplate [ RunTime:0.008051s ]
INFO: [ view_parse ] --END-- [ RunTime:0.008124s ]
INFO: [ view_filter ] --START--
INFO: Run Behavior\WriteHtmlCache [ RunTime:0.000249s ]
INFO: [ view_filter ] --END-- [ RunTime:0.000293s ]
INFO: [ app_end ] --START--
INFO: Run Behavior\ShowPageTrace [ RunTime:0.000453s ]
INFO: [ app_end ] --END-- [ RunTime:0.000500s ]

[ 2017-08-15T16:53:38+08:00 ] 127.0.0.1 /index.php?s=/Home/Notice/index.html
SQL: SHOW COLUMNS FROM `onethink_document` [ RunTime:0.006079s ]
SQL: SELECT d.id,d.title,d.description,d.view,da.path FROM onethink_document d INNER JOIN onethink_picture da  ON d.id = da.id
   [ RunTime:0.061023s ]
INFO: [ view_parse ] --START--
INFO: [ template_filter ] --START--
INFO: Run Behavior\ContentReplace [ RunTime:0.000061s ]
INFO: [ template_filter ] --END-- [ RunTime:0.000131s ]
NOTIC: [8] Undefined variable: channel D:\phpStudy\WWW\onethink\Runtime\Cache\Home\b6712068d68b0f23e361fceccafe8f1a.php 第 54 行.
NOTIC: [8] Undefined index: create_time D:\phpStudy\WWW\onethink\Runtime\Cache\Home\b6712068d68b0f23e361fceccafe8f1a.php 第 61 行.
NOTIC: [8] Undefined variable: channel D:\phpStudy\WWW\onethink\Runtime\Cache\Home\b6712068d68b0f23e361fceccafe8f1a.php 第 54 行.
NOTIC: [8] Undefined index: create_time D:\phpStudy\WWW\onethink\Runtime\Cache\Home\b6712068d68b0f23e361fceccafe8f1a.php 第 61 行.
NOTIC: [8] Undefined variable: channel D:\phpStudy\WWW\onethink\Runtime\Cache\Home\b6712068d68b0f23e361fceccafe8f1a.php 第 54 行.
NOTIC: [8] Undefined index: create_time D:\phpStudy\WWW\onethink\Runtime\Cache\Home\b6712068d68b0f23e361fceccafe8f1a.php 第 61 行.
INFO: Run Behavior\ParseTemplate [ RunTime:0.025270s ]
INFO: [ view_parse ] --END-- [ RunTime:0.025356s ]
INFO: [ view_filter ] --START--
INFO: Run Behavior\WriteHtmlCache [ RunTime:0.000376s ]
INFO: [ view_filter ] --END-- [ RunTime:0.000433s ]
INFO: [ app_end ] --START--
INFO: Run Behavior\ShowPageTrace [ RunTime:0.000506s ]
INFO: [ app_end ] --END-- [ RunTime:0.000554s ]

